2024-06-24 18:08:06,499 p=3444395 u=upszot n=ansible | [WARNING]: A duplicate localhost-like entry was found (localhost). First found localhost was 127.0.0.1

2024-06-24 18:08:06,598 p=3444395 u=upszot n=ansible | PLAY [all] **********************************************************************************************************************************************************************************************************************************
2024-06-24 18:08:06,609 p=3444395 u=upszot n=ansible | TASK [Gathering Facts] **********************************************************************************************************************************************************************************************************************
2024-06-24 18:08:07,746 p=3444395 u=upszot n=ansible | ok: [localhost]
2024-06-24 18:08:07,775 p=3444395 u=upszot n=ansible | TASK [include_role : 2do_parcial] ***********************************************************************************************************************************************************************************************************
2024-06-24 18:08:07,805 p=3444395 u=upszot n=ansible | TASK [2do_parcial : debug] ******************************************************************************************************************************************************************************************************************
2024-06-24 18:08:07,817 p=3444395 u=upszot n=ansible | ok: [localhost] => {
    "msg": "Tareas del 2do Parcial"
}
2024-06-24 18:08:07,836 p=3444395 u=upszot n=ansible | TASK [Otra tarea] ***************************************************************************************************************************************************************************************************************************
2024-06-24 18:08:07,851 p=3444395 u=upszot n=ansible | ok: [localhost] => {
    "msg": "Despues de la ejecucion del rol"
}
2024-06-24 18:08:07,885 p=3444395 u=upszot n=ansible | PLAY RECAP **********************************************************************************************************************************************************************************************************************************
2024-06-24 18:08:07,885 p=3444395 u=upszot n=ansible | localhost                  : ok=3    changed=0    unreachable=0    failed=0    skipped=0    rescued=0    ignored=0   
2024-11-23 21:01:11,509 p=3886 u=root n=ansible | [WARNING]: A duplicate localhost-like entry was found (localhost). First found localhost was 127.0.0.1

2024-11-23 21:01:11,717 p=3886 u=root n=ansible | PLAY [all] ******************************************************************************************************************************************************
2024-11-23 21:01:11,732 p=3886 u=root n=ansible | TASK [Gathering Facts] ******************************************************************************************************************************************
2024-11-23 21:01:11,829 p=3886 u=root n=ansible | fatal: [127.0.0.1]: UNREACHABLE! => {"changed": false, "msg": "Failed to connect to the host via ssh: Warning: Permanently added '127.0.0.1' (ED25519) to the list of known hosts.\r\nroot@127.0.0.1: Permission denied (publickey).", "unreachable": true}
2024-11-23 21:01:12,861 p=3886 u=root n=ansible | ok: [localhost]
2024-11-23 21:01:12,871 p=3886 u=root n=ansible | TASK [include_role : 2do_parcial] *******************************************************************************************************************************
2024-11-23 21:01:12,897 p=3886 u=root n=ansible | TASK [2do_parcial : debug] **************************************************************************************************************************************
2024-11-23 21:01:12,907 p=3886 u=root n=ansible | ok: [localhost] => {
    "msg": "Tareas del 2do Parcial"
}
2024-11-23 21:01:12,913 p=3886 u=root n=ansible | TASK [2do_parcial : debug] **************************************************************************************************************************************
2024-11-23 21:01:12,922 p=3886 u=root n=ansible | ok: [localhost] => {
    "msg": "Tareas del 2do Parcial"
}
2024-11-23 21:01:12,930 p=3886 u=root n=ansible | TASK [2do_parcial : crear estructura de directorios] ************************************************************************************************************
2024-11-23 21:01:13,183 p=3886 u=root n=ansible | changed: [localhost] => (item=/tmp/2do_parcial/alumno)
2024-11-23 21:01:13,318 p=3886 u=root n=ansible | changed: [localhost] => (item=/tmp/2do_parcial/equipo)
2024-11-23 21:01:13,332 p=3886 u=root n=ansible | TASK [2do_parcial : crear archivo con datos alumno] *************************************************************************************************************
2024-11-23 21:01:13,765 p=3886 u=root n=ansible | changed: [localhost]
2024-11-23 21:01:13,770 p=3886 u=root n=ansible | TASK [2do_parcial : obtener información del equipo] *************************************************************************************************************
2024-11-23 21:01:14,052 p=3886 u=root n=ansible | ok: [localhost]
2024-11-23 21:01:14,058 p=3886 u=root n=ansible | TASK [2do_parcial : crear archivo con datos de la PC] ***********************************************************************************************************
2024-11-23 21:01:14,329 p=3886 u=root n=ansible | changed: [localhost]
2024-11-23 21:01:14,334 p=3886 u=root n=ansible | TASK [2do_parcial : darle permisos a 2PSupervisores] ************************************************************************************************************
2024-11-23 21:01:14,548 p=3886 u=root n=ansible | changed: [localhost]
2024-11-23 21:01:14,553 p=3886 u=root n=ansible | TASK [Otra tarea] ***********************************************************************************************************************************************
2024-11-23 21:01:14,562 p=3886 u=root n=ansible | ok: [localhost] => {
    "msg": "Despues de la ejecucion del rol"
}
2024-11-23 21:01:14,573 p=3886 u=root n=ansible | PLAY RECAP ******************************************************************************************************************************************************
2024-11-23 21:01:14,573 p=3886 u=root n=ansible | 127.0.0.1                  : ok=0    changed=0    unreachable=1    failed=0    skipped=0    rescued=0    ignored=0   
2024-11-23 21:01:14,573 p=3886 u=root n=ansible | localhost                  : ok=9    changed=4    unreachable=0    failed=0    skipped=0    rescued=0    ignored=0   
